2023-07-13 09:27:55.548  INFO 35260 --- [restartedMain] i.a.register.RegisterAccountApplication  : Starting RegisterAccountApplication using Java 18.0.1 on WKNDITL114 with PID 35260 (C:\Users\L114\eclipse-workspace\register-account\target\classes started by L114 in C:\Users\L114\eclipse-workspace\register-account)
2023-07-13 09:27:55.559  INFO 35260 --- [restartedMain] i.a.register.RegisterAccountApplication  : No active profile set, falling back to 1 default profile: "default"
2023-07-13 09:27:55.671  INFO 35260 --- [restartedMain] o.s.b.devtools.restart.ChangeableUrls    : The Class-Path manifest attribute in C:\Users\L114\.m2\repository\com\oracle\database\jdbc\ojdbc8\21.5.0.0\ojdbc8-21.5.0.0.jar referenced one or more files that do not exist: file:/C:/Users/L114/.m2/repository/com/oracle/database/jdbc/ojdbc8/21.5.0.0/oraclepki.jar
2023-07-13 09:27:55.672  INFO 35260 --- [restartedMain] .e.DevToolsPropertyDefaultsPostProcessor : Devtools property defaults active! Set 'spring.devtools.add-properties' to 'false' to disable
2023-07-13 09:27:57.043  INFO 35260 --- [restartedMain] .s.d.r.c.RepositoryConfigurationDelegate : Bootstrapping Spring Data JPA repositories in DEFAULT mode.
2023-07-13 09:27:57.150  INFO 35260 --- [restartedMain] .s.d.r.c.RepositoryConfigurationDelegate : Finished Spring Data repository scanning in 92 ms. Found 3 JPA repository interfaces.
2023-07-13 09:27:59.052  INFO 35260 --- [restartedMain] o.s.b.w.embedded.tomcat.TomcatWebServer  : Tomcat initialized with port(s): 8080 (http)
2023-07-13 09:27:59.070  INFO 35260 --- [restartedMain] o.apache.catalina.core.StandardService   : Starting service [Tomcat]
2023-07-13 09:27:59.080  INFO 35260 --- [restartedMain] org.apache.catalina.core.StandardEngine  : Starting Servlet engine: [Apache Tomcat/9.0.64]
2023-07-13 09:27:59.277  INFO 35260 --- [restartedMain] o.a.c.c.C.[Tomcat].[localhost].[/]       : Initializing Spring embedded WebApplicationContext
2023-07-13 09:27:59.278  INFO 35260 --- [restartedMain] w.s.c.ServletWebServerApplicationContext : Root WebApplicationContext: initialization completed in 3605 ms
2023-07-13 09:27:59.526  INFO 35260 --- [restartedMain] o.hibernate.jpa.internal.util.LogHelper  : HHH000204: Processing PersistenceUnitInfo [name: default]
2023-07-13 09:27:59.625  INFO 35260 --- [restartedMain] org.hibernate.Version                    : HHH000412: Hibernate ORM core version 5.6.9.Final
2023-07-13 09:27:59.892  INFO 35260 --- [restartedMain] o.hibernate.annotations.common.Version   : HCANN000001: Hibernate Commons Annotations {5.1.2.Final}
2023-07-13 09:28:00.639  INFO 35260 --- [restartedMain] org.hibernate.dialect.Dialect            : HHH000400: Using dialect: org.hibernate.dialect.PostgreSQL10Dialect
2023-07-13 09:28:02.257  INFO 35260 --- [restartedMain] o.h.e.t.j.p.i.JtaPlatformInitiator       : HHH000490: Using JtaPlatform implementation: [org.hibernate.engine.transaction.jta.platform.internal.NoJtaPlatform]
2023-07-13 09:28:02.270  INFO 35260 --- [restartedMain] j.LocalContainerEntityManagerFactoryBean : Initialized JPA EntityManagerFactory for persistence unit 'default'
2023-07-13 09:28:03.249  WARN 35260 --- [restartedMain] JpaBaseConfiguration$JpaWebConfiguration : spring.jpa.open-in-view is enabled by default. Therefore, database queries may be performed during view rendering. Explicitly configure spring.jpa.open-in-view to disable this warning
2023-07-13 09:28:04.144  INFO 35260 --- [restartedMain] o.s.s.web.DefaultSecurityFilterChain     : Will secure any request with [org.springframework.security.web.session.DisableEncodeUrlFilter@77a75323, org.springframework.security.web.context.request.async.WebAsyncManagerIntegrationFilter@61f5a8e9, org.springframework.security.web.context.SecurityContextPersistenceFilter@5193d298, org.springframework.security.web.header.HeaderWriterFilter@4dcecce4, org.springframework.security.web.authentication.logout.LogoutFilter@25fc51d5, org.springframework.security.web.authentication.www.BasicAuthenticationFilter@1bce4513, org.springframework.security.web.savedrequest.RequestCacheAwareFilter@17507089, org.springframework.security.web.servletapi.SecurityContextHolderAwareRequestFilter@1683012e, org.springframework.security.web.authentication.AnonymousAuthenticationFilter@1627a41e, org.springframework.security.web.session.SessionManagementFilter@3d125861, org.springframework.security.web.access.ExceptionTranslationFilter@5b23291, org.springframework.security.web.access.intercept.FilterSecurityInterceptor@724277f8]
2023-07-13 09:28:04.182  INFO 35260 --- [restartedMain] pertySourcedRequestMappingHandlerMapping : Mapped URL path [/v2/api-docs] onto method [springfox.documentation.swagger2.web.Swagger2Controller#getDocumentation(String, HttpServletRequest)]
2023-07-13 09:28:04.446  INFO 35260 --- [restartedMain] o.s.b.d.a.OptionalLiveReloadServer       : LiveReload server is running on port 35729
2023-07-13 09:28:04.765  INFO 35260 --- [restartedMain] o.s.b.w.embedded.tomcat.TomcatWebServer  : Tomcat started on port(s): 8080 (http) with context path ''
2023-07-13 09:28:04.766  INFO 35260 --- [restartedMain] d.s.w.p.DocumentationPluginsBootstrapper : Context refreshed
2023-07-13 09:28:04.786  INFO 35260 --- [restartedMain] d.s.w.p.DocumentationPluginsBootstrapper : Found 1 custom documentation plugin(s)
2023-07-13 09:28:04.821  INFO 35260 --- [restartedMain] s.d.s.w.s.ApiListingReferenceScanner     : Scanning for api listing references
2023-07-13 09:28:05.040  INFO 35260 --- [restartedMain] i.a.register.RegisterAccountApplication  : Started RegisterAccountApplication in 10.059 seconds (JVM running for 11.63)
2023-07-13 09:28:12.540  INFO 35260 --- [http-nio-8080-exec-2] o.a.c.c.C.[Tomcat].[localhost].[/]       : Initializing Spring DispatcherServlet 'dispatcherServlet'
2023-07-13 09:28:12.540  INFO 35260 --- [http-nio-8080-exec-2] o.s.web.servlet.DispatcherServlet        : Initializing Servlet 'dispatcherServlet'
2023-07-13 09:28:12.543  INFO 35260 --- [http-nio-8080-exec-2] o.s.web.servlet.DispatcherServlet        : Completed initialization in 2 ms
2023-07-13 09:28:13.161  INFO 35260 --- [http-nio-8080-exec-2] i.a.r.controllers.AccountController      : Get Account Data All 
2023-07-13 09:28:13.459  INFO 35260 --- [http-nio-8080-exec-2] id.app.register.service.AccountService   : Data Account {"totalItems":1,"data":[{"uuid":"a01d824d-2eb2-4034-90f9-b8e669d7bcf7","namaLengkap":"TAUFAN","nik":"1571080410940003","jenisKelamin":"LAKI-LAKI","tempatLahir":"BANDUNG","tanggalLahir":"04-10-1994","statusKawin":"BELUM KAWIN","jenisPekerjaan":"PELAJAR/MAHASISWA","namaIbu":"ANI","alamat":"JL SAAD NO 32","noHp":"091901006144","email":"TAUFAN.AKBAR@GMAIL.COM"}],"totalPages":1,"currentPage":0}
2023-07-13 09:29:36.499  INFO 35260 --- [http-nio-8080-exec-6] i.a.r.controllers.AccountController      : Get Account Data All 
2023-07-13 09:29:36.691  INFO 35260 --- [http-nio-8080-exec-6] id.app.register.service.AccountService   : Data Account {"totalItems":1,"data":[{"uuid":"a01d824d-2eb2-4034-90f9-b8e669d7bcf7","namaLengkap":"TAUFAN","nik":"1571080410940003","jenisKelamin":"LAKI-LAKI","tempatLahir":"BANDUNG","tanggalLahir":"04-10-1994","statusKawin":"BELUM KAWIN","jenisPekerjaan":"PELAJAR/MAHASISWA","namaIbu":"ANI","alamat":"JL SAAD NO 32","noHp":"091901006144","email":"TAUFAN.AKBAR@GMAIL.COM"}],"totalPages":1,"currentPage":0}
2023-07-13 11:31:29.252  INFO 35260 --- [RMI TCP Connection(15)-127.0.0.1] inMXBeanRegistrar$SpringApplicationAdmin : Application shutdown requested.
2023-07-13 11:31:29.323  INFO 35260 --- [RMI TCP Connection(15)-127.0.0.1] j.LocalContainerEntityManagerFactoryBean : Closing JPA EntityManagerFactory for persistence unit 'default'
2023-07-13 13:10:33.259  INFO 26908 --- [restartedMain] i.a.register.RegisterAccountApplication  : Starting RegisterAccountApplication using Java 18.0.1 on WKNDITL114 with PID 26908 (C:\Users\L114\eclipse-workspace\register-account\target\classes started by L114 in C:\Users\L114\eclipse-workspace\register-account)
2023-07-13 13:10:33.261  INFO 26908 --- [restartedMain] i.a.register.RegisterAccountApplication  : No active profile set, falling back to 1 default profile: "default"
2023-07-13 13:10:33.321  INFO 26908 --- [restartedMain] o.s.b.devtools.restart.ChangeableUrls    : The Class-Path manifest attribute in C:\Users\L114\.m2\repository\com\oracle\database\jdbc\ojdbc8\21.5.0.0\ojdbc8-21.5.0.0.jar referenced one or more files that do not exist: file:/C:/Users/L114/.m2/repository/com/oracle/database/jdbc/ojdbc8/21.5.0.0/oraclepki.jar
2023-07-13 13:10:33.321  INFO 26908 --- [restartedMain] .e.DevToolsPropertyDefaultsPostProcessor : Devtools property defaults active! Set 'spring.devtools.add-properties' to 'false' to disable
2023-07-13 13:10:34.038  INFO 26908 --- [restartedMain] .s.d.r.c.RepositoryConfigurationDelegate : Bootstrapping Spring Data JPA repositories in DEFAULT mode.
2023-07-13 13:10:34.080  INFO 26908 --- [restartedMain] .s.d.r.c.RepositoryConfigurationDelegate : Finished Spring Data repository scanning in 35 ms. Found 3 JPA repository interfaces.
2023-07-13 13:10:34.864  INFO 26908 --- [restartedMain] o.s.b.w.embedded.tomcat.TomcatWebServer  : Tomcat initialized with port(s): 8080 (http)
2023-07-13 13:10:34.872  INFO 26908 --- [restartedMain] o.apache.catalina.core.StandardService   : Starting service [Tomcat]
2023-07-13 13:10:34.873  INFO 26908 --- [restartedMain] org.apache.catalina.core.StandardEngine  : Starting Servlet engine: [Apache Tomcat/9.0.64]
2023-07-13 13:10:34.966  INFO 26908 --- [restartedMain] o.a.c.c.C.[Tomcat].[localhost].[/]       : Initializing Spring embedded WebApplicationContext
2023-07-13 13:10:34.967  INFO 26908 --- [restartedMain] w.s.c.ServletWebServerApplicationContext : Root WebApplicationContext: initialization completed in 1645 ms
2023-07-13 13:10:35.112  INFO 26908 --- [restartedMain] o.hibernate.jpa.internal.util.LogHelper  : HHH000204: Processing PersistenceUnitInfo [name: default]
2023-07-13 13:10:35.151  INFO 26908 --- [restartedMain] org.hibernate.Version                    : HHH000412: Hibernate ORM core version 5.6.9.Final
2023-07-13 13:10:35.303  INFO 26908 --- [restartedMain] o.hibernate.annotations.common.Version   : HCANN000001: Hibernate Commons Annotations {5.1.2.Final}
2023-07-13 13:10:35.715  INFO 26908 --- [restartedMain] org.hibernate.dialect.Dialect            : HHH000400: Using dialect: org.hibernate.dialect.PostgreSQL10Dialect
2023-07-13 13:10:36.502  INFO 26908 --- [restartedMain] o.h.e.t.j.p.i.JtaPlatformInitiator       : HHH000490: Using JtaPlatform implementation: [org.hibernate.engine.transaction.jta.platform.internal.NoJtaPlatform]
2023-07-13 13:10:36.509  INFO 26908 --- [restartedMain] j.LocalContainerEntityManagerFactoryBean : Initialized JPA EntityManagerFactory for persistence unit 'default'
2023-07-13 13:10:36.818  WARN 26908 --- [restartedMain] ConfigServletWebServerApplicationContext : Exception encountered during context initialization - cancelling refresh attempt: org.springframework.beans.factory.UnsatisfiedDependencyException: Error creating bean with name 'registerAccountApplication': Unsatisfied dependency expressed through field 'accountRepo'; nested exception is org.springframework.beans.factory.BeanCreationException: Error creating bean with name 'accountRepository' defined in id.app.register.repository.AccountRepository defined in @EnableJpaRepositories declared on PrimaryDBConfig: Invocation of init method failed; nested exception is org.springframework.data.repository.query.QueryCreationException: Could not create query for public abstract id.app.register.model.Account id.app.register.repository.AccountRepository.findByNamaLengkapA(java.lang.String); Reason: Failed to create query for method public abstract id.app.register.model.Account id.app.register.repository.AccountRepository.findByNamaLengkapA(java.lang.String)! No property 'a' found for type 'String' Traversed path: Account.namaLengkap.; nested exception is java.lang.IllegalArgumentException: Failed to create query for method public abstract id.app.register.model.Account id.app.register.repository.AccountRepository.findByNamaLengkapA(java.lang.String)! No property 'a' found for type 'String' Traversed path: Account.namaLengkap.
2023-07-13 13:10:36.818  INFO 26908 --- [restartedMain] j.LocalContainerEntityManagerFactoryBean : Closing JPA EntityManagerFactory for persistence unit 'default'
2023-07-13 13:10:36.821  INFO 26908 --- [restartedMain] o.apache.catalina.core.StandardService   : Stopping service [Tomcat]
2023-07-13 13:10:36.836  INFO 26908 --- [restartedMain] ConditionEvaluationReportLoggingListener : 

Error starting ApplicationContext. To display the conditions report re-run your application with 'debug' enabled.
2023-07-13 13:10:36.862 ERROR 26908 --- [restartedMain] o.s.boot.SpringApplication               : Application run failed

org.springframework.beans.factory.UnsatisfiedDependencyException: Error creating bean with name 'registerAccountApplication': Unsatisfied dependency expressed through field 'accountRepo'; nested exception is org.springframework.beans.factory.BeanCreationException: Error creating bean with name 'accountRepository' defined in id.app.register.repository.AccountRepository defined in @EnableJpaRepositories declared on PrimaryDBConfig: Invocation of init method failed; nested exception is org.springframework.data.repository.query.QueryCreationException: Could not create query for public abstract id.app.register.model.Account id.app.register.repository.AccountRepository.findByNamaLengkapA(java.lang.String); Reason: Failed to create query for method public abstract id.app.register.model.Account id.app.register.repository.AccountRepository.findByNamaLengkapA(java.lang.String)! No property 'a' found for type 'String' Traversed path: Account.namaLengkap.; nested exception is java.lang.IllegalArgumentException: Failed to create query for method public abstract id.app.register.model.Account id.app.register.repository.AccountRepository.findByNamaLengkapA(java.lang.String)! No property 'a' found for type 'String' Traversed path: Account.namaLengkap.
	at org.springframework.beans.factory.annotation.AutowiredAnnotationBeanPostProcessor$AutowiredFieldElement.resolveFieldValue(AutowiredAnnotationBeanPostProcessor.java:659) ~[spring-beans-5.3.21.jar:5.3.21]
	at org.springframework.beans.factory.annotation.AutowiredAnnotationBeanPostProcessor$AutowiredFieldElement.inject(AutowiredAnnotationBeanPostProcessor.java:639) ~[spring-beans-5.3.21.jar:5.3.21]
	at org.springframework.beans.factory.annotation.InjectionMetadata.inject(InjectionMetadata.java:119) ~[spring-beans-5.3.21.jar:5.3.21]
	at org.springframework.beans.factory.annotation.AutowiredAnnotationBeanPostProcessor.postProcessProperties(AutowiredAnnotationBeanPostProcessor.java:399) ~[spring-beans-5.3.21.jar:5.3.21]
	at org.springframework.beans.factory.support.AbstractAutowireCapableBeanFactory.populateBean(AbstractAutowireCapableBeanFactory.java:1431) ~[spring-beans-5.3.21.jar:5.3.21]
	at org.springframework.beans.factory.support.AbstractAutowireCapableBeanFactory.doCreateBean(AbstractAutowireCapableBeanFactory.java:619) ~[spring-beans-5.3.21.jar:5.3.21]
	at org.springframework.beans.factory.support.AbstractAutowireCapableBeanFactory.createBean(AbstractAutowireCapableBeanFactory.java:542) ~[spring-beans-5.3.21.jar:5.3.21]
	at org.springframework.beans.factory.support.AbstractBeanFactory.lambda$doGetBean$0(AbstractBeanFactory.java:335) ~[spring-beans-5.3.21.jar:5.3.21]
	at org.springframework.beans.factory.support.DefaultSingletonBeanRegistry.getSingleton(DefaultSingletonBeanRegistry.java:234) ~[spring-beans-5.3.21.jar:5.3.21]
	at org.springframework.beans.factory.support.AbstractBeanFactory.doGetBean(AbstractBeanFactory.java:333) ~[spring-beans-5.3.21.jar:5.3.21]
	at org.springframework.beans.factory.support.AbstractBeanFactory.getBean(AbstractBeanFactory.java:208) ~[spring-beans-5.3.21.jar:5.3.21]
	at org.springframework.beans.factory.support.DefaultListableBeanFactory.preInstantiateSingletons(DefaultListableBeanFactory.java:955) ~[spring-beans-5.3.21.jar:5.3.21]
	at org.springframework.context.support.AbstractApplicationContext.finishBeanFactoryInitialization(AbstractApplicationContext.java:918) ~[spring-context-5.3.21.jar:5.3.21]
	at org.springframework.context.support.AbstractApplicationContext.refresh(AbstractApplicationContext.java:583) ~[spring-context-5.3.21.jar:5.3.21]
	at org.springframework.boot.web.servlet.context.ServletWebServerApplicationContext.refresh(ServletWebServerApplicationContext.java:147) ~[spring-boot-2.7.1.jar:2.7.1]
	at org.springframework.boot.SpringApplication.refresh(SpringApplication.java:734) ~[spring-boot-2.7.1.jar:2.7.1]
	at org.springframework.boot.SpringApplication.refreshContext(SpringApplication.java:408) ~[spring-boot-2.7.1.jar:2.7.1]
	at org.springframework.boot.SpringApplication.run(SpringApplication.java:308) ~[spring-boot-2.7.1.jar:2.7.1]
	at org.springframework.boot.SpringApplication.run(SpringApplication.java:1306) ~[spring-boot-2.7.1.jar:2.7.1]
	at org.springframework.boot.SpringApplication.run(SpringApplication.java:1295) ~[spring-boot-2.7.1.jar:2.7.1]
	at id.app.register.RegisterAccountApplication.main(RegisterAccountApplication.java:28) ~[classes/:na]
	at java.base/jdk.internal.reflect.DirectMethodHandleAccessor.invoke(DirectMethodHandleAccessor.java:104) ~[na:na]
	at java.base/java.lang.reflect.Method.invoke(Method.java:577) ~[na:na]
	at org.springframework.boot.devtools.restart.RestartLauncher.run(RestartLauncher.java:49) ~[spring-boot-devtools-2.7.1.jar:2.7.1]
Caused by: org.springframework.beans.factory.BeanCreationException: Error creating bean with name 'accountRepository' defined in id.app.register.repository.AccountRepository defined in @EnableJpaRepositories declared on PrimaryDBConfig: Invocation of init method failed; nested exception is org.springframework.data.repository.query.QueryCreationException: Could not create query for public abstract id.app.register.model.Account id.app.register.repository.AccountRepository.findByNamaLengkapA(java.lang.String); Reason: Failed to create query for method public abstract id.app.register.model.Account id.app.register.repository.AccountRepository.findByNamaLengkapA(java.lang.String)! No property 'a' found for type 'String' Traversed path: Account.namaLengkap.; nested exception is java.lang.IllegalArgumentException: Failed to create query for method public abstract id.app.register.model.Account id.app.register.repository.AccountRepository.findByNamaLengkapA(java.lang.String)! No property 'a' found for type 'String' Traversed path: Account.namaLengkap.
	at org.springframework.beans.factory.support.AbstractAutowireCapableBeanFactory.initializeBean(AbstractAutowireCapableBeanFactory.java:1804) ~[spring-beans-5.3.21.jar:5.3.21]
	at org.springframework.beans.factory.support.AbstractAutowireCapableBeanFactory.doCreateBean(AbstractAutowireCapableBeanFactory.java:620) ~[spring-beans-5.3.21.jar:5.3.21]
	at org.springframework.beans.factory.support.AbstractAutowireCapableBeanFactory.createBean(AbstractAutowireCapableBeanFactory.java:542) ~[spring-beans-5.3.21.jar:5.3.21]
	at org.springframework.beans.factory.support.AbstractBeanFactory.lambda$doGetBean$0(AbstractBeanFactory.java:335) ~[spring-beans-5.3.21.jar:5.3.21]
	at org.springframework.beans.factory.support.DefaultSingletonBeanRegistry.getSingleton(DefaultSingletonBeanRegistry.java:234) ~[spring-beans-5.3.21.jar:5.3.21]
	at org.springframework.beans.factory.support.AbstractBeanFactory.doGetBean(AbstractBeanFactory.java:333) ~[spring-beans-5.3.21.jar:5.3.21]
	at org.springframework.beans.factory.support.AbstractBeanFactory.getBean(AbstractBeanFactory.java:208) ~[spring-beans-5.3.21.jar:5.3.21]
	at org.springframework.beans.factory.config.DependencyDescriptor.resolveCandidate(DependencyDescriptor.java:276) ~[spring-beans-5.3.21.jar:5.3.21]
	at org.springframework.beans.factory.support.DefaultListableBeanFactory.doResolveDependency(DefaultListableBeanFactory.java:1391) ~[spring-beans-5.3.21.jar:5.3.21]
	at org.springframework.beans.factory.support.DefaultListableBeanFactory.resolveDependency(DefaultListableBeanFactory.java:1311) ~[spring-beans-5.3.21.jar:5.3.21]
	at org.springframework.beans.factory.annotation.AutowiredAnnotationBeanPostProcessor$AutowiredFieldElement.resolveFieldValue(AutowiredAnnotationBeanPostProcessor.java:656) ~[spring-beans-5.3.21.jar:5.3.21]
	... 23 common frames omitted
Caused by: org.springframework.data.repository.query.QueryCreationException: Could not create query for public abstract id.app.register.model.Account id.app.register.repository.AccountRepository.findByNamaLengkapA(java.lang.String); Reason: Failed to create query for method public abstract id.app.register.model.Account id.app.register.repository.AccountRepository.findByNamaLengkapA(java.lang.String)! No property 'a' found for type 'String' Traversed path: Account.namaLengkap.; nested exception is java.lang.IllegalArgumentException: Failed to create query for method public abstract id.app.register.model.Account id.app.register.repository.AccountRepository.findByNamaLengkapA(java.lang.String)! No property 'a' found for type 'String' Traversed path: Account.namaLengkap.
	at org.springframework.data.repository.query.QueryCreationException.create(QueryCreationException.java:101) ~[spring-data-commons-2.7.1.jar:2.7.1]
	at org.springframework.data.repository.core.support.QueryExecutorMethodInterceptor.lookupQuery(QueryExecutorMethodInterceptor.java:107) ~[spring-data-commons-2.7.1.jar:2.7.1]
	at org.springframework.data.repository.core.support.QueryExecutorMethodInterceptor.lambda$mapMethodsToQuery$1(QueryExecutorMethodInterceptor.java:95) ~[spring-data-commons-2.7.1.jar:2.7.1]
	at java.base/java.util.stream.ReferencePipeline$3$1.accept(ReferencePipeline.java:197) ~[na:na]
	at java.base/java.util.Iterator.forEachRemaining(Iterator.java:133) ~[na:na]
	at java.base/java.util.Collections$UnmodifiableCollection$1.forEachRemaining(Collections.java:1061) ~[na:na]
	at java.base/java.util.Spliterators$IteratorSpliterator.forEachRemaining(Spliterators.java:1845) ~[na:na]
	at java.base/java.util.stream.AbstractPipeline.copyInto(AbstractPipeline.java:509) ~[na:na]
	at java.base/java.util.stream.AbstractPipeline.wrapAndCopyInto(AbstractPipeline.java:499) ~[na:na]
	at java.base/java.util.stream.ReduceOps$ReduceOp.evaluateSequential(ReduceOps.java:921) ~[na:na]
	at java.base/java.util.stream.AbstractPipeline.evaluate(AbstractPipeline.java:234) ~[na:na]
	at java.base/java.util.stream.ReferencePipeline.collect(ReferencePipeline.java:682) ~[na:na]
	at org.springframework.data.repository.core.support.QueryExecutorMethodInterceptor.mapMethodsToQuery(QueryExecutorMethodInterceptor.java:97) ~[spring-data-commons-2.7.1.jar:2.7.1]
	at org.springframework.data.repository.core.support.QueryExecutorMethodInterceptor.lambda$new$0(QueryExecutorMethodInterceptor.java:87) ~[spring-data-commons-2.7.1.jar:2.7.1]
	at java.base/java.util.Optional.map(Optional.java:260) ~[na:na]
	at org.springframework.data.repository.core.support.QueryExecutorMethodInterceptor.<init>(QueryExecutorMethodInterceptor.java:87) ~[spring-data-commons-2.7.1.jar:2.7.1]
	at org.springframework.data.repository.core.support.RepositoryFactorySupport.getRepository(RepositoryFactorySupport.java:365) ~[spring-data-commons-2.7.1.jar:2.7.1]
	at org.springframework.data.repository.core.support.RepositoryFactoryBeanSupport.lambda$afterPropertiesSet$5(RepositoryFactoryBeanSupport.java:323) ~[spring-data-commons-2.7.1.jar:2.7.1]
	at org.springframework.data.util.Lazy.getNullable(Lazy.java:231) ~[spring-data-commons-2.7.1.jar:2.7.1]
	at org.springframework.data.util.Lazy.get(Lazy.java:115) ~[spring-data-commons-2.7.1.jar:2.7.1]
	at org.springframework.data.repository.core.support.RepositoryFactoryBeanSupport.afterPropertiesSet(RepositoryFactoryBeanSupport.java:329) ~[spring-data-commons-2.7.1.jar:2.7.1]
	at org.springframework.data.jpa.repository.support.JpaRepositoryFactoryBean.afterPropertiesSet(JpaRepositoryFactoryBean.java:144) ~[spring-data-jpa-2.7.1.jar:2.7.1]
	at org.springframework.beans.factory.support.AbstractAutowireCapableBeanFactory.invokeInitMethods(AbstractAutowireCapableBeanFactory.java:1863) ~[spring-beans-5.3.21.jar:5.3.21]
	at org.springframework.beans.factory.support.AbstractAutowireCapableBeanFactory.initializeBean(AbstractAutowireCapableBeanFactory.java:1800) ~[spring-beans-5.3.21.jar:5.3.21]
	... 33 common frames omitted
Caused by: java.lang.IllegalArgumentException: Failed to create query for method public abstract id.app.register.model.Account id.app.register.repository.AccountRepository.findByNamaLengkapA(java.lang.String)! No property 'a' found for type 'String' Traversed path: Account.namaLengkap.
	at org.springframework.data.jpa.repository.query.PartTreeJpaQuery.<init>(PartTreeJpaQuery.java:96) ~[spring-data-jpa-2.7.1.jar:2.7.1]
	at org.springframework.data.jpa.repository.query.JpaQueryLookupStrategy$CreateQueryLookupStrategy.resolveQuery(JpaQueryLookupStrategy.java:119) ~[spring-data-jpa-2.7.1.jar:2.7.1]
	at org.springframework.data.jpa.repository.query.JpaQueryLookupStrategy$CreateIfNotFoundQueryLookupStrategy.resolveQuery(JpaQueryLookupStrategy.java:259) ~[spring-data-jpa-2.7.1.jar:2.7.1]
	at org.springframework.data.jpa.repository.query.JpaQueryLookupStrategy$AbstractQueryLookupStrategy.resolveQuery(JpaQueryLookupStrategy.java:93) ~[spring-data-jpa-2.7.1.jar:2.7.1]
	at org.springframework.data.repository.core.support.QueryExecutorMethodInterceptor.lookupQuery(QueryExecutorMethodInterceptor.java:103) ~[spring-data-commons-2.7.1.jar:2.7.1]
	... 55 common frames omitted
Caused by: org.springframework.data.mapping.PropertyReferenceException: No property 'a' found for type 'String' Traversed path: Account.namaLengkap.
	at org.springframework.data.mapping.PropertyPath.<init>(PropertyPath.java:91) ~[spring-data-commons-2.7.1.jar:2.7.1]
	at org.springframework.data.mapping.PropertyPath.create(PropertyPath.java:438) ~[spring-data-commons-2.7.1.jar:2.7.1]
	at org.springframework.data.mapping.PropertyPath.create(PropertyPath.java:414) ~[spring-data-commons-2.7.1.jar:2.7.1]
	at org.springframework.data.mapping.PropertyPath.create(PropertyPath.java:448) ~[spring-data-commons-2.7.1.jar:2.7.1]
	at org.springframework.data.mapping.PropertyPath.create(PropertyPath.java:471) ~[spring-data-commons-2.7.1.jar:2.7.1]
	at org.springframework.data.mapping.PropertyPath.create(PropertyPath.java:414) ~[spring-data-commons-2.7.1.jar:2.7.1]
	at org.springframework.data.mapping.PropertyPath.lambda$from$0(PropertyPath.java:367) ~[spring-data-commons-2.7.1.jar:2.7.1]
	at java.base/java.util.concurrent.ConcurrentMap.computeIfAbsent(ConcurrentMap.java:330) ~[na:na]
	at org.springframework.data.mapping.PropertyPath.from(PropertyPath.java:349) ~[spring-data-commons-2.7.1.jar:2.7.1]
	at org.springframework.data.mapping.PropertyPath.from(PropertyPath.java:332) ~[spring-data-commons-2.7.1.jar:2.7.1]
	at org.springframework.data.repository.query.parser.Part.<init>(Part.java:81) ~[spring-data-commons-2.7.1.jar:2.7.1]
	at org.springframework.data.repository.query.parser.PartTree$OrPart.lambda$new$0(PartTree.java:250) ~[spring-data-commons-2.7.1.jar:2.7.1]
	at java.base/java.util.stream.ReferencePipeline$3$1.accept(ReferencePipeline.java:197) ~[na:na]
	at java.base/java.util.stream.ReferencePipeline$2$1.accept(ReferencePipeline.java:179) ~[na:na]
	at java.base/java.util.Spliterators$ArraySpliterator.forEachRemaining(Spliterators.java:992) ~[na:na]
	at java.base/java.util.stream.AbstractPipeline.copyInto(AbstractPipeline.java:509) ~[na:na]
	at java.base/java.util.stream.AbstractPipeline.wrapAndCopyInto(AbstractPipeline.java:499) ~[na:na]
	at java.base/java.util.stream.ReduceOps$ReduceOp.evaluateSequential(ReduceOps.java:921) ~[na:na]
	at java.base/java.util.stream.AbstractPipeline.evaluate(AbstractPipeline.java:234) ~[na:na]
	at java.base/java.util.stream.ReferencePipeline.collect(ReferencePipeline.java:682) ~[na:na]
	at org.springframework.data.repository.query.parser.PartTree$OrPart.<init>(PartTree.java:251) ~[spring-data-commons-2.7.1.jar:2.7.1]
	at org.springframework.data.repository.query.parser.PartTree$Predicate.lambda$new$0(PartTree.java:384) ~[spring-data-commons-2.7.1.jar:2.7.1]
	at java.base/java.util.stream.ReferencePipeline$3$1.accept(ReferencePipeline.java:197) ~[na:na]
	at java.base/java.util.stream.ReferencePipeline$2$1.accept(ReferencePipeline.java:179) ~[na:na]
	at java.base/java.util.Spliterators$ArraySpliterator.forEachRemaining(Spliterators.java:992) ~[na:na]
	at java.base/java.util.stream.AbstractPipeline.copyInto(AbstractPipeline.java:509) ~[na:na]
	at java.base/java.util.stream.AbstractPipeline.wrapAndCopyInto(AbstractPipeline.java:499) ~[na:na]
	at java.base/java.util.stream.ReduceOps$ReduceOp.evaluateSequential(ReduceOps.java:921) ~[na:na]
	at java.base/java.util.stream.AbstractPipeline.evaluate(AbstractPipeline.java:234) ~[na:na]
	at java.base/java.util.stream.ReferencePipeline.collect(ReferencePipeline.java:682) ~[na:na]
	at org.springframework.data.repository.query.parser.PartTree$Predicate.<init>(PartTree.java:385) ~[spring-data-commons-2.7.1.jar:2.7.1]
	at org.springframework.data.repository.query.parser.PartTree.<init>(PartTree.java:96) ~[spring-data-commons-2.7.1.jar:2.7.1]
	at org.springframework.data.jpa.repository.query.PartTreeJpaQuery.<init>(PartTreeJpaQuery.java:89) ~[spring-data-jpa-2.7.1.jar:2.7.1]
	... 59 common frames omitted

2023-07-13 13:11:25.359  INFO 12772 --- [restartedMain] i.a.register.RegisterAccountApplication  : Starting RegisterAccountApplication using Java 18.0.1 on WKNDITL114 with PID 12772 (C:\Users\L114\eclipse-workspace\register-account\target\classes started by L114 in C:\Users\L114\eclipse-workspace\register-account)
2023-07-13 13:11:25.360  INFO 12772 --- [restartedMain] i.a.register.RegisterAccountApplication  : No active profile set, falling back to 1 default profile: "default"
2023-07-13 13:11:25.422  INFO 12772 --- [restartedMain] o.s.b.devtools.restart.ChangeableUrls    : The Class-Path manifest attribute in C:\Users\L114\.m2\repository\com\oracle\database\jdbc\ojdbc8\21.5.0.0\ojdbc8-21.5.0.0.jar referenced one or more files that do not exist: file:/C:/Users/L114/.m2/repository/com/oracle/database/jdbc/ojdbc8/21.5.0.0/oraclepki.jar
2023-07-13 13:11:25.422  INFO 12772 --- [restartedMain] .e.DevToolsPropertyDefaultsPostProcessor : Devtools property defaults active! Set 'spring.devtools.add-properties' to 'false' to disable
2023-07-13 13:11:26.077  INFO 12772 --- [restartedMain] .s.d.r.c.RepositoryConfigurationDelegate : Bootstrapping Spring Data JPA repositories in DEFAULT mode.
2023-07-13 13:11:26.121  INFO 12772 --- [restartedMain] .s.d.r.c.RepositoryConfigurationDelegate : Finished Spring Data repository scanning in 36 ms. Found 3 JPA repository interfaces.
2023-07-13 13:11:26.863  INFO 12772 --- [restartedMain] o.s.b.w.embedded.tomcat.TomcatWebServer  : Tomcat initialized with port(s): 8080 (http)
2023-07-13 13:11:26.871  INFO 12772 --- [restartedMain] o.apache.catalina.core.StandardService   : Starting service [Tomcat]
2023-07-13 13:11:26.872  INFO 12772 --- [restartedMain] org.apache.catalina.core.StandardEngine  : Starting Servlet engine: [Apache Tomcat/9.0.64]
2023-07-13 13:11:26.967  INFO 12772 --- [restartedMain] o.a.c.c.C.[Tomcat].[localhost].[/]       : Initializing Spring embedded WebApplicationContext
2023-07-13 13:11:26.968  INFO 12772 --- [restartedMain] w.s.c.ServletWebServerApplicationContext : Root WebApplicationContext: initialization completed in 1543 ms
2023-07-13 13:11:27.101  INFO 12772 --- [restartedMain] o.hibernate.jpa.internal.util.LogHelper  : HHH000204: Processing PersistenceUnitInfo [name: default]
2023-07-13 13:11:27.142  INFO 12772 --- [restartedMain] org.hibernate.Version                    : HHH000412: Hibernate ORM core version 5.6.9.Final
2023-07-13 13:11:27.264  INFO 12772 --- [restartedMain] o.hibernate.annotations.common.Version   : HCANN000001: Hibernate Commons Annotations {5.1.2.Final}
2023-07-13 13:11:27.685  INFO 12772 --- [restartedMain] org.hibernate.dialect.Dialect            : HHH000400: Using dialect: org.hibernate.dialect.PostgreSQL10Dialect
2023-07-13 13:11:28.418  INFO 12772 --- [restartedMain] o.h.e.t.j.p.i.JtaPlatformInitiator       : HHH000490: Using JtaPlatform implementation: [org.hibernate.engine.transaction.jta.platform.internal.NoJtaPlatform]
2023-07-13 13:11:28.429  INFO 12772 --- [restartedMain] j.LocalContainerEntityManagerFactoryBean : Initialized JPA EntityManagerFactory for persistence unit 'default'
2023-07-13 13:11:28.751  WARN 12772 --- [restartedMain] ConfigServletWebServerApplicationContext : Exception encountered during context initialization - cancelling refresh attempt: org.springframework.beans.factory.UnsatisfiedDependencyException: Error creating bean with name 'registerAccountApplication': Unsatisfied dependency expressed through field 'accountRepo'; nested exception is org.springframework.beans.factory.BeanCreationException: Error creating bean with name 'accountRepository' defined in id.app.register.repository.AccountRepository defined in @EnableJpaRepositories declared on PrimaryDBConfig: Invocation of init method failed; nested exception is org.springframework.data.repository.query.QueryCreationException: Could not create query for public abstract id.app.register.model.Account id.app.register.repository.AccountRepository.findByNamalengkap(java.lang.String); Reason: Failed to create query for method public abstract id.app.register.model.Account id.app.register.repository.AccountRepository.findByNamalengkap(java.lang.String)! No property 'namalengkap' found for type 'Account' Did you mean ''namaLengkap''; nested exception is java.lang.IllegalArgumentException: Failed to create query for method public abstract id.app.register.model.Account id.app.register.repository.AccountRepository.findByNamalengkap(java.lang.String)! No property 'namalengkap' found for type 'Account' Did you mean ''namaLengkap''
2023-07-13 13:11:28.752  INFO 12772 --- [restartedMain] j.LocalContainerEntityManagerFactoryBean : Closing JPA EntityManagerFactory for persistence unit 'default'
2023-07-13 13:11:28.754  INFO 12772 --- [restartedMain] o.apache.catalina.core.StandardService   : Stopping service [Tomcat]
2023-07-13 13:11:28.765  INFO 12772 --- [restartedMain] ConditionEvaluationReportLoggingListener : 

Error starting ApplicationContext. To display the conditions report re-run your application with 'debug' enabled.
2023-07-13 13:11:28.790 ERROR 12772 --- [restartedMain] o.s.boot.SpringApplication               : Application run failed

org.springframework.beans.factory.UnsatisfiedDependencyException: Error creating bean with name 'registerAccountApplication': Unsatisfied dependency expressed through field 'accountRepo'; nested exception is org.springframework.beans.factory.BeanCreationException: Error creating bean with name 'accountRepository' defined in id.app.register.repository.AccountRepository defined in @EnableJpaRepositories declared on PrimaryDBConfig: Invocation of init method failed; nested exception is org.springframework.data.repository.query.QueryCreationException: Could not create query for public abstract id.app.register.model.Account id.app.register.repository.AccountRepository.findByNamalengkap(java.lang.String); Reason: Failed to create query for method public abstract id.app.register.model.Account id.app.register.repository.AccountRepository.findByNamalengkap(java.lang.String)! No property 'namalengkap' found for type 'Account' Did you mean ''namaLengkap''; nested exception is java.lang.IllegalArgumentException: Failed to create query for method public abstract id.app.register.model.Account id.app.register.repository.AccountRepository.findByNamalengkap(java.lang.String)! No property 'namalengkap' found for type 'Account' Did you mean ''namaLengkap''
	at org.springframework.beans.factory.annotation.AutowiredAnnotationBeanPostProcessor$AutowiredFieldElement.resolveFieldValue(AutowiredAnnotationBeanPostProcessor.java:659) ~[spring-beans-5.3.21.jar:5.3.21]
	at org.springframework.beans.factory.annotation.AutowiredAnnotationBeanPostProcessor$AutowiredFieldElement.inject(AutowiredAnnotationBeanPostProcessor.java:639) ~[spring-beans-5.3.21.jar:5.3.21]
	at org.springframework.beans.factory.annotation.InjectionMetadata.inject(InjectionMetadata.java:119) ~[spring-beans-5.3.21.jar:5.3.21]
	at org.springframework.beans.factory.annotation.AutowiredAnnotationBeanPostProcessor.postProcessProperties(AutowiredAnnotationBeanPostProcessor.java:399) ~[spring-beans-5.3.21.jar:5.3.21]
	at org.springframework.beans.factory.support.AbstractAutowireCapableBeanFactory.populateBean(AbstractAutowireCapableBeanFactory.java:1431) ~[spring-beans-5.3.21.jar:5.3.21]
	at org.springframework.beans.factory.support.AbstractAutowireCapableBeanFactory.doCreateBean(AbstractAutowireCapableBeanFactory.java:619) ~[spring-beans-5.3.21.jar:5.3.21]
	at org.springframework.beans.factory.support.AbstractAutowireCapableBeanFactory.createBean(AbstractAutowireCapableBeanFactory.java:542) ~[spring-beans-5.3.21.jar:5.3.21]
	at org.springframework.beans.factory.support.AbstractBeanFactory.lambda$doGetBean$0(AbstractBeanFactory.java:335) ~[spring-beans-5.3.21.jar:5.3.21]
	at org.springframework.beans.factory.support.DefaultSingletonBeanRegistry.getSingleton(DefaultSingletonBeanRegistry.java:234) ~[spring-beans-5.3.21.jar:5.3.21]
	at org.springframework.beans.factory.support.AbstractBeanFactory.doGetBean(AbstractBeanFactory.java:333) ~[spring-beans-5.3.21.jar:5.3.21]
	at org.springframework.beans.factory.support.AbstractBeanFactory.getBean(AbstractBeanFactory.java:208) ~[spring-beans-5.3.21.jar:5.3.21]
	at org.springframework.beans.factory.support.DefaultListableBeanFactory.preInstantiateSingletons(DefaultListableBeanFactory.java:955) ~[spring-beans-5.3.21.jar:5.3.21]
	at org.springframework.context.support.AbstractApplicationContext.finishBeanFactoryInitialization(AbstractApplicationContext.java:918) ~[spring-context-5.3.21.jar:5.3.21]
	at org.springframework.context.support.AbstractApplicationContext.refresh(AbstractApplicationContext.java:583) ~[spring-context-5.3.21.jar:5.3.21]
	at org.springframework.boot.web.servlet.context.ServletWebServerApplicationContext.refresh(ServletWebServerApplicationContext.java:147) ~[spring-boot-2.7.1.jar:2.7.1]
	at org.springframework.boot.SpringApplication.refresh(SpringApplication.java:734) ~[spring-boot-2.7.1.jar:2.7.1]
	at org.springframework.boot.SpringApplication.refreshContext(SpringApplication.java:408) ~[spring-boot-2.7.1.jar:2.7.1]
	at org.springframework.boot.SpringApplication.run(SpringApplication.java:308) ~[spring-boot-2.7.1.jar:2.7.1]
	at org.springframework.boot.SpringApplication.run(SpringApplication.java:1306) ~[spring-boot-2.7.1.jar:2.7.1]
	at org.springframework.boot.SpringApplication.run(SpringApplication.java:1295) ~[spring-boot-2.7.1.jar:2.7.1]
	at id.app.register.RegisterAccountApplication.main(RegisterAccountApplication.java:28) ~[classes/:na]
	at java.base/jdk.internal.reflect.DirectMethodHandleAccessor.invoke(DirectMethodHandleAccessor.java:104) ~[na:na]
	at java.base/java.lang.reflect.Method.invoke(Method.java:577) ~[na:na]
	at org.springframework.boot.devtools.restart.RestartLauncher.run(RestartLauncher.java:49) ~[spring-boot-devtools-2.7.1.jar:2.7.1]
Caused by: org.springframework.beans.factory.BeanCreationException: Error creating bean with name 'accountRepository' defined in id.app.register.repository.AccountRepository defined in @EnableJpaRepositories declared on PrimaryDBConfig: Invocation of init method failed; nested exception is org.springframework.data.repository.query.QueryCreationException: Could not create query for public abstract id.app.register.model.Account id.app.register.repository.AccountRepository.findByNamalengkap(java.lang.String); Reason: Failed to create query for method public abstract id.app.register.model.Account id.app.register.repository.AccountRepository.findByNamalengkap(java.lang.String)! No property 'namalengkap' found for type 'Account' Did you mean ''namaLengkap''; nested exception is java.lang.IllegalArgumentException: Failed to create query for method public abstract id.app.register.model.Account id.app.register.repository.AccountRepository.findByNamalengkap(java.lang.String)! No property 'namalengkap' found for type 'Account' Did you mean ''namaLengkap''
	at org.springframework.beans.factory.support.AbstractAutowireCapableBeanFactory.initializeBean(AbstractAutowireCapableBeanFactory.java:1804) ~[spring-beans-5.3.21.jar:5.3.21]
	at org.springframework.beans.factory.support.AbstractAutowireCapableBeanFactory.doCreateBean(AbstractAutowireCapableBeanFactory.java:620) ~[spring-beans-5.3.21.jar:5.3.21]
	at org.springframework.beans.factory.support.AbstractAutowireCapableBeanFactory.createBean(AbstractAutowireCapableBeanFactory.java:542) ~[spring-beans-5.3.21.jar:5.3.21]
	at org.springframework.beans.factory.support.AbstractBeanFactory.lambda$doGetBean$0(AbstractBeanFactory.java:335) ~[spring-beans-5.3.21.jar:5.3.21]
	at org.springframework.beans.factory.support.DefaultSingletonBeanRegistry.getSingleton(DefaultSingletonBeanRegistry.java:234) ~[spring-beans-5.3.21.jar:5.3.21]
	at org.springframework.beans.factory.support.AbstractBeanFactory.doGetBean(AbstractBeanFactory.java:333) ~[spring-beans-5.3.21.jar:5.3.21]
	at org.springframework.beans.factory.support.AbstractBeanFactory.getBean(AbstractBeanFactory.java:208) ~[spring-beans-5.3.21.jar:5.3.21]
	at org.springframework.beans.factory.config.DependencyDescriptor.resolveCandidate(DependencyDescriptor.java:276) ~[spring-beans-5.3.21.jar:5.3.21]
	at org.springframework.beans.factory.support.DefaultListableBeanFactory.doResolveDependency(DefaultListableBeanFactory.java:1391) ~[spring-beans-5.3.21.jar:5.3.21]
	at org.springframework.beans.factory.support.DefaultListableBeanFactory.resolveDependency(DefaultListableBeanFactory.java:1311) ~[spring-beans-5.3.21.jar:5.3.21]
	at org.springframework.beans.factory.annotation.AutowiredAnnotationBeanPostProcessor$AutowiredFieldElement.resolveFieldValue(AutowiredAnnotationBeanPostProcessor.java:656) ~[spring-beans-5.3.21.jar:5.3.21]
	... 23 common frames omitted
Caused by: org.springframework.data.repository.query.QueryCreationException: Could not create query for public abstract id.app.register.model.Account id.app.register.repository.AccountRepository.findByNamalengkap(java.lang.String); Reason: Failed to create query for method public abstract id.app.register.model.Account id.app.register.repository.AccountRepository.findByNamalengkap(java.lang.String)! No property 'namalengkap' found for type 'Account' Did you mean ''namaLengkap''; nested exception is java.lang.IllegalArgumentException: Failed to create query for method public abstract id.app.register.model.Account id.app.register.repository.AccountRepository.findByNamalengkap(java.lang.String)! No property 'namalengkap' found for type 'Account' Did you mean ''namaLengkap''
	at org.springframework.data.repository.query.QueryCreationException.create(QueryCreationException.java:101) ~[spring-data-commons-2.7.1.jar:2.7.1]
	at org.springframework.data.repository.core.support.QueryExecutorMethodInterceptor.lookupQuery(QueryExecutorMethodInterceptor.java:107) ~[spring-data-commons-2.7.1.jar:2.7.1]
	at org.springframework.data.repository.core.support.QueryExecutorMethodInterceptor.lambda$mapMethodsToQuery$1(QueryExecutorMethodInterceptor.java:95) ~[spring-data-commons-2.7.1.jar:2.7.1]
	at java.base/java.util.stream.ReferencePipeline$3$1.accept(ReferencePipeline.java:197) ~[na:na]
	at java.base/java.util.Iterator.forEachRemaining(Iterator.java:133) ~[na:na]
	at java.base/java.util.Collections$UnmodifiableCollection$1.forEachRemaining(Collections.java:1061) ~[na:na]
	at java.base/java.util.Spliterators$IteratorSpliterator.forEachRemaining(Spliterators.java:1845) ~[na:na]
	at java.base/java.util.stream.AbstractPipeline.copyInto(AbstractPipeline.java:509) ~[na:na]
	at java.base/java.util.stream.AbstractPipeline.wrapAndCopyInto(AbstractPipeline.java:499) ~[na:na]
	at java.base/java.util.stream.ReduceOps$ReduceOp.evaluateSequential(ReduceOps.java:921) ~[na:na]
	at java.base/java.util.stream.AbstractPipeline.evaluate(AbstractPipeline.java:234) ~[na:na]
	at java.base/java.util.stream.ReferencePipeline.collect(ReferencePipeline.java:682) ~[na:na]
	at org.springframework.data.repository.core.support.QueryExecutorMethodInterceptor.mapMethodsToQuery(QueryExecutorMethodInterceptor.java:97) ~[spring-data-commons-2.7.1.jar:2.7.1]
	at org.springframework.data.repository.core.support.QueryExecutorMethodInterceptor.lambda$new$0(QueryExecutorMethodInterceptor.java:87) ~[spring-data-commons-2.7.1.jar:2.7.1]
	at java.base/java.util.Optional.map(Optional.java:260) ~[na:na]
	at org.springframework.data.repository.core.support.QueryExecutorMethodInterceptor.<init>(QueryExecutorMethodInterceptor.java:87) ~[spring-data-commons-2.7.1.jar:2.7.1]
	at org.springframework.data.repository.core.support.RepositoryFactorySupport.getRepository(RepositoryFactorySupport.java:365) ~[spring-data-commons-2.7.1.jar:2.7.1]
	at org.springframework.data.repository.core.support.RepositoryFactoryBeanSupport.lambda$afterPropertiesSet$5(RepositoryFactoryBeanSupport.java:323) ~[spring-data-commons-2.7.1.jar:2.7.1]
	at org.springframework.data.util.Lazy.getNullable(Lazy.java:231) ~[spring-data-commons-2.7.1.jar:2.7.1]
	at org.springframework.data.util.Lazy.get(Lazy.java:115) ~[spring-data-commons-2.7.1.jar:2.7.1]
	at org.springframework.data.repository.core.support.RepositoryFactoryBeanSupport.afterPropertiesSet(RepositoryFactoryBeanSupport.java:329) ~[spring-data-commons-2.7.1.jar:2.7.1]
	at org.springframework.data.jpa.repository.support.JpaRepositoryFactoryBean.afterPropertiesSet(JpaRepositoryFactoryBean.java:144) ~[spring-data-jpa-2.7.1.jar:2.7.1]
	at org.springframework.beans.factory.support.AbstractAutowireCapableBeanFactory.invokeInitMethods(AbstractAutowireCapableBeanFactory.java:1863) ~[spring-beans-5.3.21.jar:5.3.21]
	at org.springframework.beans.factory.support.AbstractAutowireCapableBeanFactory.initializeBean(AbstractAutowireCapableBeanFactory.java:1800) ~[spring-beans-5.3.21.jar:5.3.21]
	... 33 common frames omitted
Caused by: java.lang.IllegalArgumentException: Failed to create query for method public abstract id.app.register.model.Account id.app.register.repository.AccountRepository.findByNamalengkap(java.lang.String)! No property 'namalengkap' found for type 'Account' Did you mean ''namaLengkap''
	at org.springframework.data.jpa.repository.query.PartTreeJpaQuery.<init>(PartTreeJpaQuery.java:96) ~[spring-data-jpa-2.7.1.jar:2.7.1]
	at org.springframework.data.jpa.repository.query.JpaQueryLookupStrategy$CreateQueryLookupStrategy.resolveQuery(JpaQueryLookupStrategy.java:119) ~[spring-data-jpa-2.7.1.jar:2.7.1]
	at org.springframework.data.jpa.repository.query.JpaQueryLookupStrategy$CreateIfNotFoundQueryLookupStrategy.resolveQuery(JpaQueryLookupStrategy.java:259) ~[spring-data-jpa-2.7.1.jar:2.7.1]
	at org.springframework.data.jpa.repository.query.JpaQueryLookupStrategy$AbstractQueryLookupStrategy.resolveQuery(JpaQueryLookupStrategy.java:93) ~[spring-data-jpa-2.7.1.jar:2.7.1]
	at org.springframework.data.repository.core.support.QueryExecutorMethodInterceptor.lookupQuery(QueryExecutorMethodInterceptor.java:103) ~[spring-data-commons-2.7.1.jar:2.7.1]
	... 55 common frames omitted
Caused by: org.springframework.data.mapping.PropertyReferenceException: No property 'namalengkap' found for type 'Account' Did you mean ''namaLengkap''
	at org.springframework.data.mapping.PropertyPath.<init>(PropertyPath.java:91) ~[spring-data-commons-2.7.1.jar:2.7.1]
	at org.springframework.data.mapping.PropertyPath.create(PropertyPath.java:438) ~[spring-data-commons-2.7.1.jar:2.7.1]
	at org.springframework.data.mapping.PropertyPath.create(PropertyPath.java:414) ~[spring-data-commons-2.7.1.jar:2.7.1]
	at org.springframework.data.mapping.PropertyPath.lambda$from$0(PropertyPath.java:367) ~[spring-data-commons-2.7.1.jar:2.7.1]
	at java.base/java.util.concurrent.ConcurrentMap.computeIfAbsent(ConcurrentMap.java:330) ~[na:na]
	at org.springframework.data.mapping.PropertyPath.from(PropertyPath.java:349) ~[spring-data-commons-2.7.1.jar:2.7.1]
	at org.springframework.data.mapping.PropertyPath.from(PropertyPath.java:332) ~[spring-data-commons-2.7.1.jar:2.7.1]
	at org.springframework.data.repository.query.parser.Part.<init>(Part.java:81) ~[spring-data-commons-2.7.1.jar:2.7.1]
	at org.springframework.data.repository.query.parser.PartTree$OrPart.lambda$new$0(PartTree.java:250) ~[spring-data-commons-2.7.1.jar:2.7.1]
	at java.base/java.util.stream.ReferencePipeline$3$1.accept(ReferencePipeline.java:197) ~[na:na]
	at java.base/java.util.stream.ReferencePipeline$2$1.accept(ReferencePipeline.java:179) ~[na:na]
	at java.base/java.util.Spliterators$ArraySpliterator.forEachRemaining(Spliterators.java:992) ~[na:na]
	at java.base/java.util.stream.AbstractPipeline.copyInto(AbstractPipeline.java:509) ~[na:na]
	at java.base/java.util.stream.AbstractPipeline.wrapAndCopyInto(AbstractPipeline.java:499) ~[na:na]
	at java.base/java.util.stream.ReduceOps$ReduceOp.evaluateSequential(ReduceOps.java:921) ~[na:na]
	at java.base/java.util.stream.AbstractPipeline.evaluate(AbstractPipeline.java:234) ~[na:na]
	at java.base/java.util.stream.ReferencePipeline.collect(ReferencePipeline.java:682) ~[na:na]
	at org.springframework.data.repository.query.parser.PartTree$OrPart.<init>(PartTree.java:251) ~[spring-data-commons-2.7.1.jar:2.7.1]
	at org.springframework.data.repository.query.parser.PartTree$Predicate.lambda$new$0(PartTree.java:384) ~[spring-data-commons-2.7.1.jar:2.7.1]
	at java.base/java.util.stream.ReferencePipeline$3$1.accept(ReferencePipeline.java:197) ~[na:na]
	at java.base/java.util.stream.ReferencePipeline$2$1.accept(ReferencePipeline.java:179) ~[na:na]
	at java.base/java.util.Spliterators$ArraySpliterator.forEachRemaining(Spliterators.java:992) ~[na:na]
	at java.base/java.util.stream.AbstractPipeline.copyInto(AbstractPipeline.java:509) ~[na:na]
	at java.base/java.util.stream.AbstractPipeline.wrapAndCopyInto(AbstractPipeline.java:499) ~[na:na]
	at java.base/java.util.stream.ReduceOps$ReduceOp.evaluateSequential(ReduceOps.java:921) ~[na:na]
	at java.base/java.util.stream.AbstractPipeline.evaluate(AbstractPipeline.java:234) ~[na:na]
	at java.base/java.util.stream.ReferencePipeline.collect(ReferencePipeline.java:682) ~[na:na]
	at org.springframework.data.repository.query.parser.PartTree$Predicate.<init>(PartTree.java:385) ~[spring-data-commons-2.7.1.jar:2.7.1]
	at org.springframework.data.repository.query.parser.PartTree.<init>(PartTree.java:96) ~[spring-data-commons-2.7.1.jar:2.7.1]
	at org.springframework.data.jpa.repository.query.PartTreeJpaQuery.<init>(PartTreeJpaQuery.java:89) ~[spring-data-jpa-2.7.1.jar:2.7.1]
	... 59 common frames omitted

2023-07-13 13:13:09.988  INFO 38940 --- [restartedMain] i.a.register.RegisterAccountApplication  : Starting RegisterAccountApplication using Java 18.0.1 on WKNDITL114 with PID 38940 (C:\Users\L114\eclipse-workspace\register-account\target\classes started by L114 in C:\Users\L114\eclipse-workspace\register-account)
2023-07-13 13:13:09.990  INFO 38940 --- [restartedMain] i.a.register.RegisterAccountApplication  : No active profile set, falling back to 1 default profile: "default"
2023-07-13 13:13:10.045  INFO 38940 --- [restartedMain] o.s.b.devtools.restart.ChangeableUrls    : The Class-Path manifest attribute in C:\Users\L114\.m2\repository\com\oracle\database\jdbc\ojdbc8\21.5.0.0\ojdbc8-21.5.0.0.jar referenced one or more files that do not exist: file:/C:/Users/L114/.m2/repository/com/oracle/database/jdbc/ojdbc8/21.5.0.0/oraclepki.jar
2023-07-13 13:13:10.046  INFO 38940 --- [restartedMain] .e.DevToolsPropertyDefaultsPostProcessor : Devtools property defaults active! Set 'spring.devtools.add-properties' to 'false' to disable
2023-07-13 13:13:10.733  INFO 38940 --- [restartedMain] .s.d.r.c.RepositoryConfigurationDelegate : Bootstrapping Spring Data JPA repositories in DEFAULT mode.
2023-07-13 13:13:10.772  INFO 38940 --- [restartedMain] .s.d.r.c.RepositoryConfigurationDelegate : Finished Spring Data repository scanning in 32 ms. Found 3 JPA repository interfaces.
2023-07-13 13:13:11.522  INFO 38940 --- [restartedMain] o.s.b.w.embedded.tomcat.TomcatWebServer  : Tomcat initialized with port(s): 8080 (http)
2023-07-13 13:13:11.530  INFO 38940 --- [restartedMain] o.apache.catalina.core.StandardService   : Starting service [Tomcat]
2023-07-13 13:13:11.531  INFO 38940 --- [restartedMain] org.apache.catalina.core.StandardEngine  : Starting Servlet engine: [Apache Tomcat/9.0.64]
2023-07-13 13:13:11.626  INFO 38940 --- [restartedMain] o.a.c.c.C.[Tomcat].[localhost].[/]       : Initializing Spring embedded WebApplicationContext
2023-07-13 13:13:11.627  INFO 38940 --- [restartedMain] w.s.c.ServletWebServerApplicationContext : Root WebApplicationContext: initialization completed in 1580 ms
2023-07-13 13:13:11.785  INFO 38940 --- [restartedMain] o.hibernate.jpa.internal.util.LogHelper  : HHH000204: Processing PersistenceUnitInfo [name: default]
2023-07-13 13:13:11.831  INFO 38940 --- [restartedMain] org.hibernate.Version                    : HHH000412: Hibernate ORM core version 5.6.9.Final
2023-07-13 13:13:11.966  INFO 38940 --- [restartedMain] o.hibernate.annotations.common.Version   : HCANN000001: Hibernate Commons Annotations {5.1.2.Final}
2023-07-13 13:13:12.367  INFO 38940 --- [restartedMain] org.hibernate.dialect.Dialect            : HHH000400: Using dialect: org.hibernate.dialect.PostgreSQL10Dialect
2023-07-13 13:13:13.120  INFO 38940 --- [restartedMain] o.h.e.t.j.p.i.JtaPlatformInitiator       : HHH000490: Using JtaPlatform implementation: [org.hibernate.engine.transaction.jta.platform.internal.NoJtaPlatform]
2023-07-13 13:13:13.126  INFO 38940 --- [restartedMain] j.LocalContainerEntityManagerFactoryBean : Initialized JPA EntityManagerFactory for persistence unit 'default'
2023-07-13 13:13:13.564  WARN 38940 --- [restartedMain] JpaBaseConfiguration$JpaWebConfiguration : spring.jpa.open-in-view is enabled by default. Therefore, database queries may be performed during view rendering. Explicitly configure spring.jpa.open-in-view to disable this warning
2023-07-13 13:13:14.160  INFO 38940 --- [restartedMain] o.s.s.web.DefaultSecurityFilterChain     : Will secure any request with [org.springframework.security.web.session.DisableEncodeUrlFilter@b3074ec, org.springframework.security.web.context.request.async.WebAsyncManagerIntegrationFilter@b77c0ac, org.springframework.security.web.context.SecurityContextPersistenceFilter@5607e979, org.springframework.security.web.header.HeaderWriterFilter@5d54c150, org.springframework.security.web.authentication.logout.LogoutFilter@2ca1843, org.springframework.security.web.authentication.www.BasicAuthenticationFilter@1eaa446a, org.springframework.security.web.savedrequest.RequestCacheAwareFilter@56876d82, org.springframework.security.web.servletapi.SecurityContextHolderAwareRequestFilter@59bba2f8, org.springframework.security.web.authentication.AnonymousAuthenticationFilter@6decba55, org.springframework.security.web.session.SessionManagementFilter@536bf55f, org.springframework.security.web.access.ExceptionTranslationFilter@1e0956d1, org.springframework.security.web.access.intercept.FilterSecurityInterceptor@6688a603]
2023-07-13 13:13:14.185  INFO 38940 --- [restartedMain] pertySourcedRequestMappingHandlerMapping : Mapped URL path [/v2/api-docs] onto method [springfox.documentation.swagger2.web.Swagger2Controller#getDocumentation(String, HttpServletRequest)]
2023-07-13 13:13:14.328  INFO 38940 --- [restartedMain] o.s.b.d.a.OptionalLiveReloadServer       : LiveReload server is running on port 35729
2023-07-13 13:13:14.489  WARN 38940 --- [restartedMain] ConfigServletWebServerApplicationContext : Exception encountered during context initialization - cancelling refresh attempt: org.springframework.context.ApplicationContextException: Failed to start bean 'webServerStartStop'; nested exception is org.springframework.boot.web.server.PortInUseException: Port 8080 is already in use
2023-07-13 13:13:14.494  INFO 38940 --- [restartedMain] j.LocalContainerEntityManagerFactoryBean : Closing JPA EntityManagerFactory for persistence unit 'default'
2023-07-13 13:13:14.497  INFO 38940 --- [restartedMain] o.apache.catalina.core.StandardService   : Stopping service [Tomcat]
2023-07-13 13:13:14.509  INFO 38940 --- [restartedMain] ConditionEvaluationReportLoggingListener : 

Error starting ApplicationContext. To display the conditions report re-run your application with 'debug' enabled.
2023-07-13 13:13:14.525 ERROR 38940 --- [restartedMain] o.s.b.d.LoggingFailureAnalysisReporter   : 

***************************
APPLICATION FAILED TO START
***************************

Description:

Web server failed to start. Port 8080 was already in use.

Action:

Identify and stop the process that's listening on port 8080 or configure this application to listen on another port.

2023-07-13 13:13:31.574  INFO 2412 --- [restartedMain] i.a.register.RegisterAccountApplication  : Starting RegisterAccountApplication using Java 18.0.1 on WKNDITL114 with PID 2412 (C:\Users\L114\eclipse-workspace\register-account\target\classes started by L114 in C:\Users\L114\eclipse-workspace\register-account)
2023-07-13 13:13:31.576  INFO 2412 --- [restartedMain] i.a.register.RegisterAccountApplication  : No active profile set, falling back to 1 default profile: "default"
2023-07-13 13:13:31.630  INFO 2412 --- [restartedMain] o.s.b.devtools.restart.ChangeableUrls    : The Class-Path manifest attribute in C:\Users\L114\.m2\repository\com\oracle\database\jdbc\ojdbc8\21.5.0.0\ojdbc8-21.5.0.0.jar referenced one or more files that do not exist: file:/C:/Users/L114/.m2/repository/com/oracle/database/jdbc/ojdbc8/21.5.0.0/oraclepki.jar
2023-07-13 13:13:31.630  INFO 2412 --- [restartedMain] .e.DevToolsPropertyDefaultsPostProcessor : Devtools property defaults active! Set 'spring.devtools.add-properties' to 'false' to disable
2023-07-13 13:13:32.342  INFO 2412 --- [restartedMain] .s.d.r.c.RepositoryConfigurationDelegate : Bootstrapping Spring Data JPA repositories in DEFAULT mode.
2023-07-13 13:13:32.392  INFO 2412 --- [restartedMain] .s.d.r.c.RepositoryConfigurationDelegate : Finished Spring Data repository scanning in 42 ms. Found 3 JPA repository interfaces.
2023-07-13 13:13:33.333  INFO 2412 --- [restartedMain] o.s.b.w.embedded.tomcat.TomcatWebServer  : Tomcat initialized with port(s): 8080 (http)
2023-07-13 13:13:33.345  INFO 2412 --- [restartedMain] o.apache.catalina.core.StandardService   : Starting service [Tomcat]
2023-07-13 13:13:33.346  INFO 2412 --- [restartedMain] org.apache.catalina.core.StandardEngine  : Starting Servlet engine: [Apache Tomcat/9.0.64]
2023-07-13 13:13:33.527  INFO 2412 --- [restartedMain] o.a.c.c.C.[Tomcat].[localhost].[/]       : Initializing Spring embedded WebApplicationContext
2023-07-13 13:13:33.530  INFO 2412 --- [restartedMain] w.s.c.ServletWebServerApplicationContext : Root WebApplicationContext: initialization completed in 1899 ms
2023-07-13 13:13:33.723  INFO 2412 --- [restartedMain] o.hibernate.jpa.internal.util.LogHelper  : HHH000204: Processing PersistenceUnitInfo [name: default]
2023-07-13 13:13:33.783  INFO 2412 --- [restartedMain] org.hibernate.Version                    : HHH000412: Hibernate ORM core version 5.6.9.Final
2023-07-13 13:13:33.956  INFO 2412 --- [restartedMain] o.hibernate.annotations.common.Version   : HCANN000001: Hibernate Commons Annotations {5.1.2.Final}
2023-07-13 13:13:34.410  INFO 2412 --- [restartedMain] org.hibernate.dialect.Dialect            : HHH000400: Using dialect: org.hibernate.dialect.PostgreSQL10Dialect
2023-07-13 13:13:35.175  INFO 2412 --- [restartedMain] o.h.e.t.j.p.i.JtaPlatformInitiator       : HHH000490: Using JtaPlatform implementation: [org.hibernate.engine.transaction.jta.platform.internal.NoJtaPlatform]
2023-07-13 13:13:35.183  INFO 2412 --- [restartedMain] j.LocalContainerEntityManagerFactoryBean : Initialized JPA EntityManagerFactory for persistence unit 'default'
2023-07-13 13:13:35.613  WARN 2412 --- [restartedMain] JpaBaseConfiguration$JpaWebConfiguration : spring.jpa.open-in-view is enabled by default. Therefore, database queries may be performed during view rendering. Explicitly configure spring.jpa.open-in-view to disable this warning
2023-07-13 13:13:36.213  INFO 2412 --- [restartedMain] o.s.s.web.DefaultSecurityFilterChain     : Will secure any request with [org.springframework.security.web.session.DisableEncodeUrlFilter@491675aa, org.springframework.security.web.context.request.async.WebAsyncManagerIntegrationFilter@30251c7, org.springframework.security.web.context.SecurityContextPersistenceFilter@4e32012f, org.springframework.security.web.header.HeaderWriterFilter@57b3aa0b, org.springframework.security.web.authentication.logout.LogoutFilter@f252f99, org.springframework.security.web.authentication.www.BasicAuthenticationFilter@aad67c5, org.springframework.security.web.savedrequest.RequestCacheAwareFilter@2653df3b, org.springframework.security.web.servletapi.SecurityContextHolderAwareRequestFilter@2d0ab02c, org.springframework.security.web.authentication.AnonymousAuthenticationFilter@48a719e9, org.springframework.security.web.session.SessionManagementFilter@746d58ed, org.springframework.security.web.access.ExceptionTranslationFilter@461a9c70, org.springframework.security.web.access.intercept.FilterSecurityInterceptor@492615ff]
2023-07-13 13:13:36.242  INFO 2412 --- [restartedMain] pertySourcedRequestMappingHandlerMapping : Mapped URL path [/v2/api-docs] onto method [springfox.documentation.swagger2.web.Swagger2Controller#getDocumentation(String, HttpServletRequest)]
2023-07-13 13:13:36.382  INFO 2412 --- [restartedMain] o.s.b.d.a.OptionalLiveReloadServer       : LiveReload server is running on port 35729
2023-07-13 13:13:36.561  INFO 2412 --- [restartedMain] o.s.b.w.embedded.tomcat.TomcatWebServer  : Tomcat started on port(s): 8080 (http) with context path ''
2023-07-13 13:13:36.562  INFO 2412 --- [restartedMain] d.s.w.p.DocumentationPluginsBootstrapper : Context refreshed
2023-07-13 13:13:36.582  INFO 2412 --- [restartedMain] d.s.w.p.DocumentationPluginsBootstrapper : Found 1 custom documentation plugin(s)
2023-07-13 13:13:36.611  INFO 2412 --- [restartedMain] s.d.s.w.s.ApiListingReferenceScanner     : Scanning for api listing references
2023-07-13 13:13:36.732  INFO 2412 --- [restartedMain] i.a.register.RegisterAccountApplication  : Started RegisterAccountApplication in 5.499 seconds (JVM running for 6.345)
2023-07-13 13:15:38.515  INFO 2412 --- [Thread-4] j.LocalContainerEntityManagerFactoryBean : Closing JPA EntityManagerFactory for persistence unit 'default'
2023-07-13 13:15:38.628  INFO 2412 --- [restartedMain] i.a.register.RegisterAccountApplication  : Starting RegisterAccountApplication using Java 18.0.1 on WKNDITL114 with PID 2412 (C:\Users\L114\eclipse-workspace\register-account\target\classes started by L114 in C:\Users\L114\eclipse-workspace\register-account)
2023-07-13 13:15:38.628  INFO 2412 --- [restartedMain] i.a.register.RegisterAccountApplication  : No active profile set, falling back to 1 default profile: "default"
2023-07-13 13:15:38.894  INFO 2412 --- [restartedMain] .s.d.r.c.RepositoryConfigurationDelegate : Bootstrapping Spring Data JPA repositories in DEFAULT mode.
2023-07-13 13:15:38.907  INFO 2412 --- [restartedMain] .s.d.r.c.RepositoryConfigurationDelegate : Finished Spring Data repository scanning in 12 ms. Found 3 JPA repository interfaces.
2023-07-13 13:15:39.092  INFO 2412 --- [restartedMain] o.s.b.w.embedded.tomcat.TomcatWebServer  : Tomcat initialized with port(s): 8080 (http)
2023-07-13 13:15:39.093  INFO 2412 --- [restartedMain] o.apache.catalina.core.StandardService   : Starting service [Tomcat]
2023-07-13 13:15:39.094  INFO 2412 --- [restartedMain] org.apache.catalina.core.StandardEngine  : Starting Servlet engine: [Apache Tomcat/9.0.64]
2023-07-13 13:15:39.152  INFO 2412 --- [restartedMain] o.a.c.c.C.[Tomcat].[localhost].[/]       : Initializing Spring embedded WebApplicationContext
2023-07-13 13:15:39.153  INFO 2412 --- [restartedMain] w.s.c.ServletWebServerApplicationContext : Root WebApplicationContext: initialization completed in 522 ms
2023-07-13 13:15:39.195  INFO 2412 --- [restartedMain] o.hibernate.jpa.internal.util.LogHelper  : HHH000204: Processing PersistenceUnitInfo [name: default]
2023-07-13 13:15:39.430  INFO 2412 --- [restartedMain] org.hibernate.dialect.Dialect            : HHH000400: Using dialect: org.hibernate.dialect.PostgreSQL10Dialect
2023-07-13 13:15:39.798  INFO 2412 --- [restartedMain] o.h.e.t.j.p.i.JtaPlatformInitiator       : HHH000490: Using JtaPlatform implementation: [org.hibernate.engine.transaction.jta.platform.internal.NoJtaPlatform]
2023-07-13 13:15:39.799  INFO 2412 --- [restartedMain] j.LocalContainerEntityManagerFactoryBean : Initialized JPA EntityManagerFactory for persistence unit 'default'
2023-07-13 13:15:39.920  WARN 2412 --- [restartedMain] JpaBaseConfiguration$JpaWebConfiguration : spring.jpa.open-in-view is enabled by default. Therefore, database queries may be performed during view rendering. Explicitly configure spring.jpa.open-in-view to disable this warning
2023-07-13 13:15:40.141  INFO 2412 --- [restartedMain] o.s.s.web.DefaultSecurityFilterChain     : Will secure any request with [org.springframework.security.web.session.DisableEncodeUrlFilter@2d125fb2, org.springframework.security.web.context.request.async.WebAsyncManagerIntegrationFilter@2f433a1c, org.springframework.security.web.context.SecurityContextPersistenceFilter@440863f, org.springframework.security.web.header.HeaderWriterFilter@283ffc83, org.springframework.security.web.authentication.logout.LogoutFilter@9c567e8, org.springframework.security.web.authentication.www.BasicAuthenticationFilter@5ebd3b16, org.springframework.security.web.savedrequest.RequestCacheAwareFilter@56b6e705, org.springframework.security.web.servletapi.SecurityContextHolderAwareRequestFilter@1bad2b4, org.springframework.security.web.authentication.AnonymousAuthenticationFilter@d600df4, org.springframework.security.web.session.SessionManagementFilter@6d508b0d, org.springframework.security.web.access.ExceptionTranslationFilter@294f7d77, org.springframework.security.web.access.intercept.FilterSecurityInterceptor@4b47b9ac]
2023-07-13 13:15:40.153  INFO 2412 --- [restartedMain] pertySourcedRequestMappingHandlerMapping : Mapped URL path [/v2/api-docs] onto method [springfox.documentation.swagger2.web.Swagger2Controller#getDocumentation(String, HttpServletRequest)]
2023-07-13 13:15:40.237  INFO 2412 --- [restartedMain] o.s.b.d.a.OptionalLiveReloadServer       : LiveReload server is running on port 35729
2023-07-13 13:15:40.309  INFO 2412 --- [restartedMain] o.s.b.w.embedded.tomcat.TomcatWebServer  : Tomcat started on port(s): 8080 (http) with context path ''
2023-07-13 13:15:40.310  INFO 2412 --- [restartedMain] d.s.w.p.DocumentationPluginsBootstrapper : Context refreshed
2023-07-13 13:15:40.311  INFO 2412 --- [restartedMain] d.s.w.p.DocumentationPluginsBootstrapper : Found 1 custom documentation plugin(s)
2023-07-13 13:15:40.319  INFO 2412 --- [restartedMain] s.d.s.w.s.ApiListingReferenceScanner     : Scanning for api listing references
2023-07-13 13:15:40.346  INFO 2412 --- [restartedMain] i.a.register.RegisterAccountApplication  : Started RegisterAccountApplication in 1.78 seconds (JVM running for 129.959)
2023-07-13 13:15:41.209  INFO 2412 --- [restartedMain] .ConditionEvaluationDeltaLoggingListener : Condition evaluation unchanged
2023-07-13 13:15:51.755  INFO 2412 --- [http-nio-8080-exec-2] o.a.c.c.C.[Tomcat].[localhost].[/]       : Initializing Spring DispatcherServlet 'dispatcherServlet'
2023-07-13 13:15:51.756  INFO 2412 --- [http-nio-8080-exec-2] o.s.web.servlet.DispatcherServlet        : Initializing Servlet 'dispatcherServlet'
2023-07-13 13:15:51.757  INFO 2412 --- [http-nio-8080-exec-2] o.s.web.servlet.DispatcherServlet        : Completed initialization in 1 ms
2023-07-13 13:15:52.191  INFO 2412 --- [http-nio-8080-exec-2] i.a.r.controllers.AccountController      : Get Account Data All 
2023-07-13 13:15:52.430  INFO 2412 --- [http-nio-8080-exec-2] id.app.register.service.AccountService   : Data Account {"totalItems":2,"data":[{"uuid":"a01d824d-2eb2-4034-90f9-b8e669d7bcf7","namaLengkap":"TAUFAN","nik":"1571080410940003","jenisKelamin":"LAKI-LAKI","tempatLahir":"BANDUNG","tanggalLahir":"04-10-1994","statusKawin":"BELUM KAWIN","jenisPekerjaan":"PELAJAR/MAHASISWA","namaIbu":"ANI","alamat":"JL SAAD NO 32","noHp":"091901006144","email":"TAUFAN.AKBAR@GMAIL.COM"},{"uuid":"fabe14a6-4fdb-4d8b-adc8-20c84c50b7f6","namaLengkap":"TAMI","nik":"320XXXXXXXXXXXXX","jenisKelamin":"PEREMPUAN","tempatLahir":"BANDUNG","tanggalLahir":"01-01-2000","statusKawin":"BELUM MENIKAH","jenisPekerjaan":"PEGAWAI BANK BJB","namaIbu":"EUIS","alamat":"JL NARIPAN No.12","noHp":"08XXXXXXXXXX","email":"tami@bankbjb.com"}],"totalPages":1,"currentPage":0}
2023-07-13 13:15:58.094  INFO 2412 --- [http-nio-8080-exec-4] i.a.r.controllers.AccountController      : Account Data Delete fabe14a6-4fdb-4d8b-adc8-20c84c50b7f6
2023-07-13 13:15:58.419  INFO 2412 --- [http-nio-8080-exec-4] id.app.register.service.AccountService   : Account data Berhasil dihapus
2023-07-13 13:15:59.151  INFO 2412 --- [http-nio-8080-exec-5] i.a.r.controllers.AccountController      : Get Account Data All 
2023-07-13 13:15:59.343  INFO 2412 --- [http-nio-8080-exec-5] id.app.register.service.AccountService   : Data Account {"totalItems":1,"data":[{"uuid":"a01d824d-2eb2-4034-90f9-b8e669d7bcf7","namaLengkap":"TAUFAN","nik":"1571080410940003","jenisKelamin":"LAKI-LAKI","tempatLahir":"BANDUNG","tanggalLahir":"04-10-1994","statusKawin":"BELUM KAWIN","jenisPekerjaan":"PELAJAR/MAHASISWA","namaIbu":"ANI","alamat":"JL SAAD NO 32","noHp":"091901006144","email":"TAUFAN.AKBAR@GMAIL.COM"}],"totalPages":1,"currentPage":0}
2023-07-13 13:16:03.133  INFO 2412 --- [http-nio-8080-exec-8] i.a.r.controllers.AccountController      : Account Data Delete a01d824d-2eb2-4034-90f9-b8e669d7bcf7
2023-07-13 13:16:03.464  INFO 2412 --- [http-nio-8080-exec-8] id.app.register.service.AccountService   : Account data Berhasil dihapus
2023-07-13 13:16:04.223  INFO 2412 --- [http-nio-8080-exec-7] i.a.r.controllers.AccountController      : Get Account Data All 
2023-07-13 13:16:04.422  INFO 2412 --- [http-nio-8080-exec-7] id.app.register.service.AccountService   : Account Data tidak ditemukan
2023-07-13 13:16:33.189  INFO 2412 --- [Thread-7] j.LocalContainerEntityManagerFactoryBean : Closing JPA EntityManagerFactory for persistence unit 'default'
2023-07-13 13:16:33.312  INFO 2412 --- [restartedMain] i.a.register.RegisterAccountApplication  : Starting RegisterAccountApplication using Java 18.0.1 on WKNDITL114 with PID 2412 (C:\Users\L114\eclipse-workspace\register-account\target\classes started by L114 in C:\Users\L114\eclipse-workspace\register-account)
2023-07-13 13:16:33.313  INFO 2412 --- [restartedMain] i.a.register.RegisterAccountApplication  : No active profile set, falling back to 1 default profile: "default"
2023-07-13 13:16:33.552  INFO 2412 --- [restartedMain] .s.d.r.c.RepositoryConfigurationDelegate : Bootstrapping Spring Data JPA repositories in DEFAULT mode.
2023-07-13 13:16:33.564  INFO 2412 --- [restartedMain] .s.d.r.c.RepositoryConfigurationDelegate : Finished Spring Data repository scanning in 10 ms. Found 3 JPA repository interfaces.
2023-07-13 13:16:33.746  INFO 2412 --- [restartedMain] o.s.b.w.embedded.tomcat.TomcatWebServer  : Tomcat initialized with port(s): 8080 (http)
2023-07-13 13:16:33.748  INFO 2412 --- [restartedMain] o.apache.catalina.core.StandardService   : Starting service [Tomcat]
2023-07-13 13:16:33.748  INFO 2412 --- [restartedMain] org.apache.catalina.core.StandardEngine  : Starting Servlet engine: [Apache Tomcat/9.0.64]
2023-07-13 13:16:33.773  INFO 2412 --- [restartedMain] o.a.c.c.C.[Tomcat].[localhost].[/]       : Initializing Spring embedded WebApplicationContext
2023-07-13 13:16:33.773  INFO 2412 --- [restartedMain] w.s.c.ServletWebServerApplicationContext : Root WebApplicationContext: initialization completed in 458 ms
2023-07-13 13:16:33.808  INFO 2412 --- [restartedMain] o.hibernate.jpa.internal.util.LogHelper  : HHH000204: Processing PersistenceUnitInfo [name: default]
2023-07-13 13:16:33.998  INFO 2412 --- [restartedMain] org.hibernate.dialect.Dialect            : HHH000400: Using dialect: org.hibernate.dialect.PostgreSQL10Dialect
2023-07-13 13:16:34.298  INFO 2412 --- [restartedMain] o.h.e.t.j.p.i.JtaPlatformInitiator       : HHH000490: Using JtaPlatform implementation: [org.hibernate.engine.transaction.jta.platform.internal.NoJtaPlatform]
2023-07-13 13:16:34.299  INFO 2412 --- [restartedMain] j.LocalContainerEntityManagerFactoryBean : Initialized JPA EntityManagerFactory for persistence unit 'default'
2023-07-13 13:16:34.377  WARN 2412 --- [restartedMain] JpaBaseConfiguration$JpaWebConfiguration : spring.jpa.open-in-view is enabled by default. Therefore, database queries may be performed during view rendering. Explicitly configure spring.jpa.open-in-view to disable this warning
2023-07-13 13:16:34.481  INFO 2412 --- [restartedMain] o.s.s.web.DefaultSecurityFilterChain     : Will secure any request with [org.springframework.security.web.session.DisableEncodeUrlFilter@5b3f6a0d, org.springframework.security.web.context.request.async.WebAsyncManagerIntegrationFilter@250cd4b4, org.springframework.security.web.context.SecurityContextPersistenceFilter@7b97b825, org.springframework.security.web.header.HeaderWriterFilter@2e0961d8, org.springframework.security.web.authentication.logout.LogoutFilter@676519b3, org.springframework.security.web.authentication.www.BasicAuthenticationFilter@4f55f93b, org.springframework.security.web.savedrequest.RequestCacheAwareFilter@6bb86400, org.springframework.security.web.servletapi.SecurityContextHolderAwareRequestFilter@e5acf0e, org.springframework.security.web.authentication.AnonymousAuthenticationFilter@2dffe14a, org.springframework.security.web.session.SessionManagementFilter@51afd5f8, org.springframework.security.web.access.ExceptionTranslationFilter@619e242b, org.springframework.security.web.access.intercept.FilterSecurityInterceptor@371745e2]
2023-07-13 13:16:34.491  INFO 2412 --- [restartedMain] pertySourcedRequestMappingHandlerMapping : Mapped URL path [/v2/api-docs] onto method [springfox.documentation.swagger2.web.Swagger2Controller#getDocumentation(String, HttpServletRequest)]
2023-07-13 13:16:34.553  INFO 2412 --- [restartedMain] o.s.b.d.a.OptionalLiveReloadServer       : LiveReload server is running on port 35729
2023-07-13 13:16:34.623  INFO 2412 --- [restartedMain] o.s.b.w.embedded.tomcat.TomcatWebServer  : Tomcat started on port(s): 8080 (http) with context path ''
2023-07-13 13:16:34.624  INFO 2412 --- [restartedMain] d.s.w.p.DocumentationPluginsBootstrapper : Context refreshed
2023-07-13 13:16:34.625  INFO 2412 --- [restartedMain] d.s.w.p.DocumentationPluginsBootstrapper : Found 1 custom documentation plugin(s)
2023-07-13 13:16:34.630  INFO 2412 --- [restartedMain] s.d.s.w.s.ApiListingReferenceScanner     : Scanning for api listing references
2023-07-13 13:16:34.653  INFO 2412 --- [restartedMain] i.a.register.RegisterAccountApplication  : Started RegisterAccountApplication in 1.409 seconds (JVM running for 184.266)
2023-07-13 13:16:35.322  INFO 2412 --- [restartedMain] .ConditionEvaluationDeltaLoggingListener : Condition evaluation unchanged
2023-07-13 13:16:40.526  INFO 2412 --- [RMI TCP Connection(5)-127.0.0.1] inMXBeanRegistrar$SpringApplicationAdmin : Application shutdown requested.
2023-07-13 13:16:40.561  INFO 2412 --- [RMI TCP Connection(5)-127.0.0.1] j.LocalContainerEntityManagerFactoryBean : Closing JPA EntityManagerFactory for persistence unit 'default'
